# JRE version: OpenJDK Runtime Environment (11.0.2+9) (build 11.0.2+9)
# Java VM: OpenJDK 64-Bit Server VM (11.0.2+9, mixed mode, tiered, compressed oops, g1 gc, windows-amd64)
Heap:
 garbage-first heap   total 368640K, used 261000K [0x0000000740000000, 0x0000000800000000)
  region size 1024K, 29 young (29696K), 4 survivors (4096K)
 Metaspace       used 108788K, capacity 111721K, committed 111792K, reserved 1144832K
  class space    used 15062K, capacity 16378K, committed 16384K, reserved 1048576K
GC Heap History (10 events):
Event: 2571.797 GC heap before
{Heap before GC invocations=549 (full 6):
 garbage-first heap   total 368640K, used 293462K [0x0000000740000000, 0x0000000800000000)
  region size 1024K, 60 young (61440K), 3 survivors (3072K)
 Metaspace       used 108715K, capacity 111648K, committed 111792K, reserved 1144832K
  class space    used 15058K, capacity 16375K, committed 16384K, reserved 1048576K
}
Event: 2571.798 GC heap after
{Heap after GC invocations=550 (full 6):
 garbage-first heap   total 368640K, used 234893K [0x0000000740000000, 0x0000000800000000)
  region size 1024K, 3 young (3072K), 3 survivors (3072K)
 Metaspace       used 108715K, capacity 111648K, committed 111792K, reserved 1144832K
  class space    used 15058K, capacity 16375K, committed 16384K, reserved 1048576K
}
Event: 2572.457 GC heap before
{Heap before GC invocations=550 (full 6):
 garbage-first heap   total 368640K, used 293261K [0x0000000740000000, 0x0000000800000000)
  region size 1024K, 60 young (61440K), 3 survivors (3072K)
 Metaspace       used 108725K, capacity 111712K, committed 111792K, reserved 1144832K
  class space    used 15058K, capacity 16375K, committed 16384K, reserved 1048576K
}
Event: 2572.460 GC heap after
{Heap after GC invocations=551 (full 6):
 garbage-first heap   total 368640K, used 235467K [0x0000000740000000, 0x0000000800000000)
  region size 1024K, 4 young (4096K), 4 survivors (4096K)
 Metaspace       used 108725K, capacity 111712K, committed 111792K, reserved 1144832K
  class space    used 15058K, capacity 16375K, committed 16384K, reserved 1048576K
}
Event: 2572.859 GC heap before
{Heap before GC invocations=551 (full 6):
 garbage-first heap   total 368640K, used 292811K [0x0000000740000000, 0x0000000800000000)
  region size 1024K, 60 young (61440K), 4 survivors (4096K)
 Metaspace       used 108731K, capacity 111712K, committed 111792K, reserved 1144832K
  class space    used 15058K, capacity 16375K, committed 16384K, reserved 1048576K
}
Event: 2572.865 GC heap after
{Heap after GC invocations=552 (full 6):
 garbage-first heap   total 368640K, used 236608K [0x0000000740000000, 0x0000000800000000)
  region size 1024K, 5 young (5120K), 5 survivors (5120K)
 Metaspace       used 108731K, capacity 111712K, committed 111792K, reserved 1144832K
  class space    used 15058K, capacity 16375K, committed 16384K, reserved 1048576K
}
Event: 2574.035 GC heap before
{Heap before GC invocations=552 (full 6):
 garbage-first heap   total 368640K, used 292928K [0x0000000740000000, 0x0000000800000000)
  region size 1024K, 60 young (61440K), 5 survivors (5120K)
 Metaspace       used 108746K, capacity 111712K, committed 111792K, reserved 1144832K
  class space    used 15058K, capacity 16375K, committed 16384K, reserved 1048576K
}
Event: 2574.038 GC heap after
{Heap after GC invocations=553 (full 6):
 garbage-first heap   total 368640K, used 236316K [0x0000000740000000, 0x0000000800000000)
  region size 1024K, 4 young (4096K), 4 survivors (4096K)
 Metaspace       used 108746K, capacity 111712K, committed 111792K, reserved 1144832K
  class space    used 15058K, capacity 16375K, committed 16384K, reserved 1048576K
}
Event: 2579.982 GC heap before
{Heap before GC invocations=553 (full 6):
 garbage-first heap   total 368640K, used 293660K [0x0000000740000000, 0x0000000800000000)
  region size 1024K, 60 young (61440K), 4 survivors (4096K)
 Metaspace       used 108767K, capacity 111712K, committed 111792K, reserved 1144832K
  class space    used 15058K, capacity 16375K, committed 16384K, reserved 1048576K
}
Event: 2579.985 GC heap after
{Heap after GC invocations=554 (full 6):
 garbage-first heap   total 368640K, used 236424K [0x0000000740000000, 0x0000000800000000)
  region size 1024K, 4 young (4096K), 4 survivors (4096K)
 Metaspace       used 108767K, capacity 111712K, committed 111792K, reserved 1144832K
  class space    used 15058K, capacity 16375K, committed 16384K, reserved 1048576K
}

