# JRE version: OpenJDK Runtime Environment (11.0.2+9) (build 11.0.2+9)
# Java VM: OpenJDK 64-Bit Server VM (11.0.2+9, mixed mode, tiered, compressed oops, g1 gc, windows-amd64)
Heap:
 garbage-first heap   total 509952K, used 316038K [0x0000000740000000, 0x0000000800000000)
  region size 1024K, 46 young (47104K), 3 survivors (3072K)
 Metaspace       used 105079K, capacity 106494K, committed 109904K, reserved 1142784K
  class space    used 14337K, capacity 14907K, committed 16128K, reserved 1048576K
GC Heap History (10 events):
Event: 7953.795 GC heap before
{Heap before GC invocations=1040 (full 11):
 garbage-first heap   total 509952K, used 331602K [0x0000000740000000, 0x0000000800000000)
  region size 1024K, 60 young (61440K), 4 survivors (4096K)
 Metaspace       used 104983K, capacity 106307K, committed 109904K, reserved 1142784K
  class space    used 14315K, capacity 14868K, committed 16128K, reserved 1048576K
}
Event: 7953.798 GC heap after
{Heap after GC invocations=1041 (full 11):
 garbage-first heap   total 509952K, used 273884K [0x0000000740000000, 0x0000000800000000)
  region size 1024K, 3 young (3072K), 3 survivors (3072K)
 Metaspace       used 104983K, capacity 106307K, committed 109904K, reserved 1142784K
  class space    used 14315K, capacity 14868K, committed 16128K, reserved 1048576K
}
Event: 7957.942 GC heap before
{Heap before GC invocations=1041 (full 11):
 garbage-first heap   total 509952K, used 332252K [0x0000000740000000, 0x0000000800000000)
  region size 1024K, 60 young (61440K), 3 survivors (3072K)
 Metaspace       used 104983K, capacity 106307K, committed 109904K, reserved 1142784K
  class space    used 14315K, capacity 14868K, committed 16128K, reserved 1048576K
}
Event: 7957.944 GC heap after
{Heap after GC invocations=1042 (full 11):
 garbage-first heap   total 509952K, used 273019K [0x0000000740000000, 0x0000000800000000)
  region size 1024K, 3 young (3072K), 3 survivors (3072K)
 Metaspace       used 104983K, capacity 106307K, committed 109904K, reserved 1142784K
  class space    used 14315K, capacity 14868K, committed 16128K, reserved 1048576K
}
Event: 7958.110 GC heap before
{Heap before GC invocations=1042 (full 11):
 garbage-first heap   total 509952K, used 331387K [0x0000000740000000, 0x0000000800000000)
  region size 1024K, 60 young (61440K), 3 survivors (3072K)
 Metaspace       used 104983K, capacity 106307K, committed 109904K, reserved 1142784K
  class space    used 14315K, capacity 14868K, committed 16128K, reserved 1048576K
}
Event: 7958.113 GC heap after
{Heap after GC invocations=1043 (full 11):
 garbage-first heap   total 509952K, used 272856K [0x0000000740000000, 0x0000000800000000)
  region size 1024K, 3 young (3072K), 3 survivors (3072K)
 Metaspace       used 104983K, capacity 106307K, committed 109904K, reserved 1142784K
  class space    used 14315K, capacity 14868K, committed 16128K, reserved 1048576K
}
Event: 7959.244 GC heap before
{Heap before GC invocations=1044 (full 11):
 garbage-first heap   total 509952K, used 330200K [0x0000000740000000, 0x0000000800000000)
  region size 1024K, 60 young (61440K), 3 survivors (3072K)
 Metaspace       used 104983K, capacity 106307K, committed 109904K, reserved 1142784K
  class space    used 14315K, capacity 14868K, committed 16128K, reserved 1048576K
}
Event: 7959.247 GC heap after
{Heap after GC invocations=1045 (full 11):
 garbage-first heap   total 509952K, used 273133K [0x0000000740000000, 0x0000000800000000)
  region size 1024K, 4 young (4096K), 4 survivors (4096K)
 Metaspace       used 104983K, capacity 106307K, committed 109904K, reserved 1142784K
  class space    used 14315K, capacity 14868K, committed 16128K, reserved 1048576K
}
Event: 7959.413 GC heap before
{Heap before GC invocations=1045 (full 11):
 garbage-first heap   total 509952K, used 330477K [0x0000000740000000, 0x0000000800000000)
  region size 1024K, 60 young (61440K), 4 survivors (4096K)
 Metaspace       used 104983K, capacity 106307K, committed 109904K, reserved 1142784K
  class space    used 14315K, capacity 14868K, committed 16128K, reserved 1048576K
}
Event: 7959.415 GC heap after
{Heap after GC invocations=1046 (full 11):
 garbage-first heap   total 509952K, used 273030K [0x0000000740000000, 0x0000000800000000)
  region size 1024K, 3 young (3072K), 3 survivors (3072K)
 Metaspace       used 104983K, capacity 106307K, committed 109904K, reserved 1142784K
  class space    used 14315K, capacity 14868K, committed 16128K, reserved 1048576K
}

