# JRE version: OpenJDK Runtime Environment (11.0.2+9) (build 11.0.2+9)
# Java VM: OpenJDK 64-Bit Server VM (11.0.2+9, mixed mode, tiered, compressed oops, g1 gc, windows-amd64)
Heap:
 garbage-first heap   total 485376K, used 371090K [0x0000000740000000, 0x0000000800000000)
  region size 1024K, 52 young (53248K), 3 survivors (3072K)
 Metaspace       used 109817K, capacity 111171K, committed 115024K, reserved 1148928K
  class space    used 14716K, capacity 15262K, committed 16640K, reserved 1048576K
GC Heap History (10 events):
Event: 55031.447 GC heap before
{Heap before GC invocations=1372 (full 41):
 garbage-first heap   total 485376K, used 379612K [0x0000000740000000, 0x0000000800000000)
  region size 1024K, 60 young (61440K), 2 survivors (2048K)
 Metaspace       used 109753K, capacity 111105K, committed 115024K, reserved 1148928K
  class space    used 14702K, capacity 15241K, committed 16640K, reserved 1048576K
}
Event: 55031.448 GC heap after
{Heap after GC invocations=1373 (full 41):
 garbage-first heap   total 485376K, used 321096K [0x0000000740000000, 0x0000000800000000)
  region size 1024K, 2 young (2048K), 2 survivors (2048K)
 Metaspace       used 109753K, capacity 111105K, committed 115024K, reserved 1148928K
  class space    used 14702K, capacity 15241K, committed 16640K, reserved 1048576K
}
Event: 55032.451 GC heap before
{Heap before GC invocations=1373 (full 41):
 garbage-first heap   total 485376K, used 380488K [0x0000000740000000, 0x0000000800000000)
  region size 1024K, 60 young (61440K), 2 survivors (2048K)
 Metaspace       used 109753K, capacity 111105K, committed 115024K, reserved 1148928K
  class space    used 14702K, capacity 15241K, committed 16640K, reserved 1048576K
}
Event: 55032.452 GC heap after
{Heap after GC invocations=1374 (full 41):
 garbage-first heap   total 485376K, used 321270K [0x0000000740000000, 0x0000000800000000)
  region size 1024K, 2 young (2048K), 2 survivors (2048K)
 Metaspace       used 109753K, capacity 111105K, committed 115024K, reserved 1148928K
  class space    used 14702K, capacity 15241K, committed 16640K, reserved 1048576K
}
Event: 55036.213 GC heap before
{Heap before GC invocations=1374 (full 41):
 garbage-first heap   total 485376K, used 379638K [0x0000000740000000, 0x0000000800000000)
  region size 1024K, 60 young (61440K), 2 survivors (2048K)
 Metaspace       used 109755K, capacity 111105K, committed 115024K, reserved 1148928K
  class space    used 14702K, capacity 15241K, committed 16640K, reserved 1048576K
}
Event: 55036.215 GC heap after
{Heap after GC invocations=1375 (full 41):
 garbage-first heap   total 485376K, used 321202K [0x0000000740000000, 0x0000000800000000)
  region size 1024K, 2 young (2048K), 2 survivors (2048K)
 Metaspace       used 109755K, capacity 111105K, committed 115024K, reserved 1148928K
  class space    used 14702K, capacity 15241K, committed 16640K, reserved 1048576K
}
Event: 55037.567 GC heap before
{Heap before GC invocations=1375 (full 41):
 garbage-first heap   total 485376K, used 380594K [0x0000000740000000, 0x0000000800000000)
  region size 1024K, 60 young (61440K), 2 survivors (2048K)
 Metaspace       used 109756K, capacity 111105K, committed 115024K, reserved 1148928K
  class space    used 14702K, capacity 15241K, committed 16640K, reserved 1048576K
}
Event: 55037.569 GC heap after
{Heap after GC invocations=1376 (full 41):
 garbage-first heap   total 485376K, used 321370K [0x0000000740000000, 0x0000000800000000)
  region size 1024K, 2 young (2048K), 2 survivors (2048K)
 Metaspace       used 109756K, capacity 111105K, committed 115024K, reserved 1148928K
  class space    used 14702K, capacity 15241K, committed 16640K, reserved 1048576K
}
Event: 55039.606 GC heap before
{Heap before GC invocations=1376 (full 41):
 garbage-first heap   total 485376K, used 380762K [0x0000000740000000, 0x0000000800000000)
  region size 1024K, 60 young (61440K), 2 survivors (2048K)
 Metaspace       used 109760K, capacity 111105K, committed 115024K, reserved 1148928K
  class space    used 14702K, capacity 15241K, committed 16640K, reserved 1048576K
}
Event: 55039.608 GC heap after
{Heap after GC invocations=1377 (full 41):
 garbage-first heap   total 485376K, used 321938K [0x0000000740000000, 0x0000000800000000)
  region size 1024K, 3 young (3072K), 3 survivors (3072K)
 Metaspace       used 109760K, capacity 111105K, committed 115024K, reserved 1148928K
  class space    used 14702K, capacity 15241K, committed 16640K, reserved 1048576K
}

